CRITICAL - 2023-10-11 08:20:48 --> The framework needs the following extension(s) installed and loaded: intl.
in SYSTEMPATH\CodeIgniter.php on line 246.
 1 SYSTEMPATH\CodeIgniter.php(246): CodeIgniter\Exceptions\FrameworkException::forMissingExtension('intl')
 2 SYSTEMPATH\CodeIgniter.php(210): CodeIgniter\CodeIgniter->resolvePlatformExtensions()
 3 FCPATH\index.php(67): CodeIgniter\CodeIgniter->initialize()
CRITICAL - 2023-10-11 07:01:09 --> syntax error, unexpected token "}", expecting ";" or "{"
in APPPATH\Controllers\Welcome.php on line 12.
 1 SYSTEMPATH\Autoloader\Autoloader.php(285): CodeIgniter\Autoloader\Autoloader->includeFile('C:\\xamppfile\\htdocs\\codeigniter4\\app\\Controllers\\Welcome.php')
 2 SYSTEMPATH\Autoloader\Autoloader.php(263): CodeIgniter\Autoloader\Autoloader->loadInNamespace('App\\Controllers\\Welcome')
 3 [internal function]: CodeIgniter\Autoloader\Autoloader->loadClass('App\\Controllers\\Welcome')
 4 SYSTEMPATH\CodeIgniter.php(877): class_exists('\\App\\Controllers\\Welcome', true)
 5 SYSTEMPATH\CodeIgniter.php(481): CodeIgniter\CodeIgniter->startController()
 6 SYSTEMPATH\CodeIgniter.php(353): CodeIgniter\CodeIgniter->handleRequest(null, Object(Config\Cache), false)
 7 FCPATH\index.php(79): CodeIgniter\CodeIgniter->run()
CRITICAL - 2023-10-11 07:02:31 --> syntax error, unexpected token "}", expecting ";" or "{"
in APPPATH\Controllers\Welcome.php on line 12.
 1 SYSTEMPATH\Autoloader\Autoloader.php(285): CodeIgniter\Autoloader\Autoloader->includeFile('C:\\xamppfile\\htdocs\\codeigniter4\\app\\Controllers\\Welcome.php')
 2 SYSTEMPATH\Autoloader\Autoloader.php(263): CodeIgniter\Autoloader\Autoloader->loadInNamespace('App\\Controllers\\Welcome')
 3 [internal function]: CodeIgniter\Autoloader\Autoloader->loadClass('App\\Controllers\\Welcome')
 4 SYSTEMPATH\CodeIgniter.php(877): class_exists('\\App\\Controllers\\Welcome', true)
 5 SYSTEMPATH\CodeIgniter.php(481): CodeIgniter\CodeIgniter->startController()
 6 SYSTEMPATH\CodeIgniter.php(353): CodeIgniter\CodeIgniter->handleRequest(null, Object(Config\Cache), false)
 7 FCPATH\index.php(79): CodeIgniter\CodeIgniter->run()
CRITICAL - 2023-10-11 07:24:35 --> Undefined variable $title
in APPPATH\Views\page\home.php on line 8.
 1 APPPATH\Views\page\home.php(8): CodeIgniter\Debug\Exceptions->errorHandler(2, 'Undefined variable $title', 'C:\\xamppfile\\htdocs\\codeigniter4\\app\\Views\\page\\home.php', 8)
 2 SYSTEMPATH\View\View.php(226): include('C:\\xamppfile\\htdocs\\codeigniter4\\app\\Views\\page\\home.php')
 3 SYSTEMPATH\View\View.php(229): CodeIgniter\View\View->CodeIgniter\View\{closure}()
 4 SYSTEMPATH\Common.php(1188): CodeIgniter\View\View->render('page/home', [], true)
 5 APPPATH\Controllers\Welcome.php(13): view('page/home')
 6 SYSTEMPATH\CodeIgniter.php(919): App\Controllers\Welcome->view()
 7 SYSTEMPATH\CodeIgniter.php(494): CodeIgniter\CodeIgniter->runController(Object(App\Controllers\Welcome))
 8 SYSTEMPATH\CodeIgniter.php(353): CodeIgniter\CodeIgniter->handleRequest(null, Object(Config\Cache), false)
 9 FCPATH\index.php(79): CodeIgniter\CodeIgniter->run()
CRITICAL - 2023-10-11 07:50:52 --> syntax error, unexpected token "."
in APPPATH\Controllers\Welcome.php on line 15.
 1 SYSTEMPATH\Autoloader\Autoloader.php(285): CodeIgniter\Autoloader\Autoloader->includeFile('C:\\xamppfile\\htdocs\\codeigniter4\\app\\Controllers\\Welcome.php')
 2 SYSTEMPATH\Autoloader\Autoloader.php(263): CodeIgniter\Autoloader\Autoloader->loadInNamespace('App\\Controllers\\Welcome')
 3 [internal function]: CodeIgniter\Autoloader\Autoloader->loadClass('App\\Controllers\\Welcome')
 4 SYSTEMPATH\CodeIgniter.php(877): class_exists('\\App\\Controllers\\Welcome', true)
 5 SYSTEMPATH\CodeIgniter.php(481): CodeIgniter\CodeIgniter->startController()
 6 SYSTEMPATH\CodeIgniter.php(353): CodeIgniter\CodeIgniter->handleRequest(null, Object(Config\Cache), false)
 7 FCPATH\index.php(79): CodeIgniter\CodeIgniter->run()
CRITICAL - 2023-10-11 07:51:16 --> syntax error, unexpected token "."
in APPPATH\Controllers\Welcome.php on line 15.
 1 SYSTEMPATH\Autoloader\Autoloader.php(285): CodeIgniter\Autoloader\Autoloader->includeFile('C:\\xamppfile\\htdocs\\codeigniter4\\app\\Controllers\\Welcome.php')
 2 SYSTEMPATH\Autoloader\Autoloader.php(263): CodeIgniter\Autoloader\Autoloader->loadInNamespace('App\\Controllers\\Welcome')
 3 [internal function]: CodeIgniter\Autoloader\Autoloader->loadClass('App\\Controllers\\Welcome')
 4 SYSTEMPATH\CodeIgniter.php(877): class_exists('\\App\\Controllers\\Welcome', true)
 5 SYSTEMPATH\CodeIgniter.php(481): CodeIgniter\CodeIgniter->startController()
 6 SYSTEMPATH\CodeIgniter.php(353): CodeIgniter\CodeIgniter->handleRequest(null, Object(Config\Cache), false)
 7 FCPATH\index.php(79): CodeIgniter\CodeIgniter->run()
CRITICAL - 2023-10-11 07:51:45 --> syntax error, unexpected token "."
in APPPATH\Controllers\Welcome.php on line 15.
 1 SYSTEMPATH\Autoloader\Autoloader.php(285): CodeIgniter\Autoloader\Autoloader->includeFile('C:\\xamppfile\\htdocs\\codeigniter4\\app\\Controllers\\Welcome.php')
 2 SYSTEMPATH\Autoloader\Autoloader.php(263): CodeIgniter\Autoloader\Autoloader->loadInNamespace('App\\Controllers\\Welcome')
 3 [internal function]: CodeIgniter\Autoloader\Autoloader->loadClass('App\\Controllers\\Welcome')
 4 SYSTEMPATH\CodeIgniter.php(877): class_exists('\\App\\Controllers\\Welcome', true)
 5 SYSTEMPATH\CodeIgniter.php(481): CodeIgniter\CodeIgniter->startController()
 6 SYSTEMPATH\CodeIgniter.php(353): CodeIgniter\CodeIgniter->handleRequest(null, Object(Config\Cache), false)
 7 FCPATH\index.php(79): CodeIgniter\CodeIgniter->run()
CRITICAL - 2023-10-11 07:52:01 --> Invalid file: "templates/headerhome.php"
in SYSTEMPATH\Exceptions\FrameworkException.php on line 39.
 1 SYSTEMPATH\View\View.php(214): CodeIgniter\Exceptions\FrameworkException::forInvalidFile('templates/headerhome.php')
 2 SYSTEMPATH\Common.php(1188): CodeIgniter\View\View->render('templates/headerhome', [], true)
 3 APPPATH\Controllers\Welcome.php(14): view('templates/headerhome', [...])
 4 SYSTEMPATH\CodeIgniter.php(919): App\Controllers\Welcome->view()
 5 SYSTEMPATH\CodeIgniter.php(494): CodeIgniter\CodeIgniter->runController(Object(App\Controllers\Welcome))
 6 SYSTEMPATH\CodeIgniter.php(353): CodeIgniter\CodeIgniter->handleRequest(null, Object(Config\Cache), false)
 7 FCPATH\index.php(79): CodeIgniter\CodeIgniter->run()
CRITICAL - 2023-10-11 07:52:43 --> Undefined variable $title
in APPPATH\Views\page\home.php on line 1.
 1 APPPATH\Views\page\home.php(1): CodeIgniter\Debug\Exceptions->errorHandler(2, 'Undefined variable $title', 'C:\\xamppfile\\htdocs\\codeigniter4\\app\\Views\\page\\home.php', 1)
 2 SYSTEMPATH\View\View.php(226): include('C:\\xamppfile\\htdocs\\codeigniter4\\app\\Views\\page\\home.php')
 3 SYSTEMPATH\View\View.php(229): CodeIgniter\View\View->CodeIgniter\View\{closure}()
 4 SYSTEMPATH\Common.php(1188): CodeIgniter\View\View->render('page/home', [], true)
 5 APPPATH\Controllers\Welcome.php(15): view('page/home')
 6 SYSTEMPATH\CodeIgniter.php(919): App\Controllers\Welcome->view()
 7 SYSTEMPATH\CodeIgniter.php(494): CodeIgniter\CodeIgniter->runController(Object(App\Controllers\Welcome))
 8 SYSTEMPATH\CodeIgniter.php(353): CodeIgniter\CodeIgniter->handleRequest(null, Object(Config\Cache), false)
 9 FCPATH\index.php(79): CodeIgniter\CodeIgniter->run()
CRITICAL - 2023-10-11 09:35:53 --> Invalid file: "news/view.php"
in SYSTEMPATH\Exceptions\FrameworkException.php on line 39.
 1 SYSTEMPATH\View\View.php(214): CodeIgniter\Exceptions\FrameworkException::forInvalidFile('news/view.php')
 2 SYSTEMPATH\Common.php(1188): CodeIgniter\View\View->render('news/view', [], true)
 3 APPPATH\Controllers\News.php(37): view('news/view')
 4 SYSTEMPATH\CodeIgniter.php(919): App\Controllers\News->show('elvis-sighted')
 5 SYSTEMPATH\CodeIgniter.php(494): CodeIgniter\CodeIgniter->runController(Object(App\Controllers\News))
 6 SYSTEMPATH\CodeIgniter.php(353): CodeIgniter\CodeIgniter->handleRequest(null, Object(Config\Cache), false)
 7 FCPATH\index.php(79): CodeIgniter\CodeIgniter->run()
